#
# There is insufficient memory for the Java Runtime Environment to continue.
# Native memory allocation (malloc) failed to allocate 831216 bytes for Chunk::new
# Possible reasons:
#   The system is out of physical RAM or swap space
#   The process is running with CompressedOops enabled, and the Java Heap may be blocking the growth of the native heap
# Possible solutions:
#   Reduce memory load on the system
#   Increase physical memory or swap space
#   Check if swap backing store is full
#   Decrease Java heap size (-Xmx/-Xms)
#   Decrease number of Java threads
#   Decrease Java thread stack sizes (-Xss)
#   Set larger code cache with -XX:ReservedCodeCacheSize=
#   JVM is running with Unscaled Compressed Oops mode in which the Java heap is
#     placed in the first 4GB address space. The Java Heap base address is the
#     maximum limit for the native heap growth. Please use -XX:HeapBaseMinAddress
#     to set the Java Heap base and to place the Java Heap above 4GB virtual address.
# This output file may be truncated or incomplete.
#
#  Out of Memory Error (allocation.cpp:389), pid=28652, tid=0x00000000000090d8
#
# JRE version: Java(TM) SE Runtime Environment (8.0_231-b11) (build 1.8.0_231-b11)
# Java VM: Java HotSpot(TM) 64-Bit Server VM (25.231-b11 mixed mode windows-amd64 compressed oops)
# Failed to write core dump. Minidumps are not enabled by default on client versions of Windows
#

---------------  T H R E A D  ---------------

Current thread (0x000000001792c000):  JavaThread "C2 CompilerThread2" daemon [_thread_in_native, id=37080, stack(0x000000001a8a0000,0x000000001a9a0000)]

Stack: [0x000000001a8a0000,0x000000001a9a0000]
[error occurred during error reporting (printing stack bounds), id 0xc0000005]

Native frames: (J=compiled Java code, j=interpreted, Vv=VM code, C=native code)


Current CompileTask:
C2:   2856 1845   !   4       java.net.URL::<init> (543 bytes)


---------------  P R O C E S S  ---------------

Java Threads: ( => current thread )
  0x000000001d2d7000 JavaThread "background-preinit" [_thread_in_vm, id=7376, stack(0x000000001e430000,0x000000001e530000)]
  0x000000001b1c6800 JavaThread "surefire-forkedjvm-command-thread" daemon [_thread_in_native, id=9788, stack(0x000000001b5a0000,0x000000001b6a0000)]
  0x000000001b1c4000 JavaThread "surefire-forkedjvm-stream-flusher" daemon [_thread_blocked, id=19548, stack(0x000000001b4a0000,0x000000001b5a0000)]
  0x00000000190b1800 JavaThread "Service Thread" daemon [_thread_blocked, id=22904, stack(0x000000001aaa0000,0x000000001aba0000)]
  0x000000001792d000 JavaThread "C1 CompilerThread3" daemon [_thread_blocked, id=35560, stack(0x000000001a9a0000,0x000000001aaa0000)]
=>0x000000001792c000 JavaThread "C2 CompilerThread2" daemon [_thread_in_native, id=37080, stack(0x000000001a8a0000,0x000000001a9a0000)]
  0x0000000019020000 JavaThread "C2 CompilerThread1" daemon [_thread_in_native, id=20336, stack(0x000000001a7a0000,0x000000001a8a0000)]
  0x000000001901b000 JavaThread "C2 CompilerThread0" daemon [_thread_in_native, id=34980, stack(0x000000001a6a0000,0x000000001a7a0000)]
  0x0000000019015800 JavaThread "Attach Listener" daemon [_thread_blocked, id=35712, stack(0x000000001a5a0000,0x000000001a6a0000)]
  0x0000000019014800 JavaThread "Signal Dispatcher" daemon [_thread_blocked, id=32900, stack(0x000000001a4a0000,0x000000001a5a0000)]
  0x000000000280a800 JavaThread "Finalizer" daemon [_thread_blocked, id=14512, stack(0x000000001a260000,0x000000001a360000)]
  0x0000000019003000 JavaThread "Reference Handler" daemon [_thread_blocked, id=32744, stack(0x000000001a160000,0x000000001a260000)]
  0x000000000254e800 JavaThread "main" [_thread_in_Java, id=4352, stack(0x0000000002610000,0x0000000002710000)]

Other Threads:
  0x0000000017916800 VMThread [stack: 0x000000001a060000,0x000000001a160000] [id=17648]
  0x00000000190c4000 WatcherThread [stack: 0x000000001aba0000,0x000000001aca0000] [id=13560]

VM state:not at safepoint (normal execution)

VM Mutex/Monitor currently owned by a thread: None

heap address: 0x0000000082400000, size: 2012 MB, Compressed Oops mode: 32-bit
Narrow klass base: 0x0000000000000000, Narrow klass shift: 3
Compressed class space size: 1073741824 Address: 0x0000000100000000

Heap:
 PSYoungGen      total 34816K, used 23701K [0x00000000d6180000, 0x00000000daa00000, 0x0000000100000000)
  eden space 29696K, 70% used [0x00000000d6180000,0x00000000d7605010,0x00000000d7e80000)
  from space 5120K, 52% used [0x00000000d8680000,0x00000000d89205e8,0x00000000d8b80000)
  to   space 8192K, 0% used [0x00000000d7e80000,0x00000000d7e80000,0x00000000d8680000)
 ParOldGen       total 48640K, used 5516K [0x0000000082400000, 0x0000000085380000, 0x00000000d6180000)
  object space 48640K, 11% used [0x0000000082400000,0x0000000082963250,0x0000000085380000)
 Metaspace       used 22436K, capacity 24210K, committed 24448K, reserved 1071104K
  class space    used 3115K, capacity 3447K, committed 3456K, reserved 1048576K

Card table byte_map: [0x0000000011bd0000,0x0000000011fc0000] byte_map_base: 0x00000000117be000

Marking Bits: (ParMarkBitMap*) 0x0000000077876d90
 Begin Bits: [0x0000000012c60000, 0x0000000014bd0000)
 End Bits:   [0x0000000014bd0000, 0x0000000016b40000)

Polling page: 0x0000000000c00000

CodeCache: size=245760Kb used=6699Kb max_used=6699Kb free=239060Kb
 bounds [0x0000000002810000, 0x0000000002ea0000, 0x0000000011810000]
 total_blobs=2392 nmethods=2008 adapters=296
 compilation: enabled

Compilation events (10 events):
Event: 2.843 Thread 0x000000001792d000 2004       1       java.nio.HeapByteBuffer::ix (7 bytes)
Event: 2.843 Thread 0x000000001792d000 nmethod 2004 0x0000000002e9c4d0 code [0x0000000002e9c620, 0x0000000002e9c730]
Event: 2.843 Thread 0x0000000019020000 2005 %     4       sun.nio.cs.UTF_8$Decoder::decodeArrayLoop @ 73 (691 bytes)
Event: 2.844 Thread 0x000000001792d000 2006       3       java.util.ArrayDeque::calculateSize (55 bytes)
Event: 2.844 Thread 0x000000001792d000 nmethod 2006 0x0000000002e9c110 code [0x0000000002e9c260, 0x0000000002e9c450]
Event: 2.845 Thread 0x000000001792d000 2007       3       java.util.ArrayDeque::removeFirst (19 bytes)
Event: 2.845 Thread 0x000000001792d000 nmethod 2007 0x0000000002e9bb90 code [0x0000000002e9bd00, 0x0000000002e9bff8]
Event: 2.850 Thread 0x000000001901b000 2008       4       java.net.URLClassLoader$1::run (5 bytes)
Event: 2.853 Thread 0x000000001792d000 2009       3       org.slf4j.impl.StaticLoggerBinder::getSingleton (4 bytes)
Event: 2.853 Thread 0x000000001792d000 nmethod 2009 0x0000000002e9b890 code [0x0000000002e9b9e0, 0x0000000002e9bb10]

GC Heap History (10 events):
Event: 2.170 GC heap before
{Heap before GC invocations=3 (full 0):
 PSYoungGen      total 37888K, used 37865K [0x00000000d6180000, 0x00000000d8b80000, 0x0000000100000000)
  eden space 32768K, 100% used [0x00000000d6180000,0x00000000d8180000,0x00000000d8180000)
  from space 5120K, 99% used [0x00000000d8680000,0x00000000d8b7a788,0x00000000d8b80000)
  to   space 5120K, 0% used [0x00000000d8180000,0x00000000d8180000,0x00000000d8680000)
 ParOldGen       total 86016K, used 514K [0x0000000082400000, 0x0000000087800000, 0x00000000d6180000)
  object space 86016K, 0% used [0x0000000082400000,0x0000000082480a60,0x0000000087800000)
 Metaspace       used 15795K, capacity 17102K, committed 17280K, reserved 1064960K
  class space    used 2034K, capacity 2313K, committed 2432K, reserved 1048576K
Event: 2.178 GC heap after
Heap after GC invocations=3 (full 0):
 PSYoungGen      total 37888K, used 5106K [0x00000000d6180000, 0x00000000d8b80000, 0x0000000100000000)
  eden space 32768K, 0% used [0x00000000d6180000,0x00000000d6180000,0x00000000d8180000)
  from space 5120K, 99% used [0x00000000d8180000,0x00000000d867c8d0,0x00000000d8680000)
  to   space 5120K, 0% used [0x00000000d8680000,0x00000000d8680000,0x00000000d8b80000)
 ParOldGen       total 86016K, used 1703K [0x0000000082400000, 0x0000000087800000, 0x00000000d6180000)
  object space 86016K, 1% used [0x0000000082400000,0x00000000825a9fd0,0x0000000087800000)
 Metaspace       used 15795K, capacity 17102K, committed 17280K, reserved 1064960K
  class space    used 2034K, capacity 2313K, committed 2432K, reserved 1048576K
}
Event: 2.534 GC heap before
{Heap before GC invocations=4 (full 0):
 PSYoungGen      total 37888K, used 37874K [0x00000000d6180000, 0x00000000d8b80000, 0x0000000100000000)
  eden space 32768K, 100% used [0x00000000d6180000,0x00000000d8180000,0x00000000d8180000)
  from space 5120K, 99% used [0x00000000d8180000,0x00000000d867c8d0,0x00000000d8680000)
  to   space 5120K, 0% used [0x00000000d8680000,0x00000000d8680000,0x00000000d8b80000)
 ParOldGen       total 86016K, used 1703K [0x0000000082400000, 0x0000000087800000, 0x00000000d6180000)
  object space 86016K, 1% used [0x0000000082400000,0x00000000825a9fd0,0x0000000087800000)
 Metaspace       used 18850K, capacity 20506K, committed 20736K, reserved 1067008K
  class space    used 2482K, capacity 2789K, committed 2816K, reserved 1048576K
Event: 2.540 GC heap after
Heap after GC invocations=4 (full 0):
 PSYoungGen      total 37888K, used 5119K [0x00000000d6180000, 0x00000000d8b80000, 0x0000000100000000)
  eden space 32768K, 0% used [0x00000000d6180000,0x00000000d6180000,0x00000000d8180000)
  from space 5120K, 99% used [0x00000000d8680000,0x00000000d8b7fcb0,0x00000000d8b80000)
  to   space 5120K, 0% used [0x00000000d8180000,0x00000000d8180000,0x00000000d8680000)
 ParOldGen       total 86016K, used 3759K [0x0000000082400000, 0x0000000087800000, 0x00000000d6180000)
  object space 86016K, 4% used [0x0000000082400000,0x00000000827abea8,0x0000000087800000)
 Metaspace       used 18850K, capacity 20506K, committed 20736K, reserved 1067008K
  class space    used 2482K, capacity 2789K, committed 2816K, reserved 1048576K
}
Event: 2.583 GC heap before
{Heap before GC invocations=5 (full 0):
 PSYoungGen      total 37888K, used 15292K [0x00000000d6180000, 0x00000000d8b80000, 0x0000000100000000)
  eden space 32768K, 31% used [0x00000000d6180000,0x00000000d6b6f518,0x00000000d8180000)
  from space 5120K, 99% used [0x00000000d8680000,0x00000000d8b7fcb0,0x00000000d8b80000)
  to   space 5120K, 0% used [0x00000000d8180000,0x00000000d8180000,0x00000000d8680000)
 ParOldGen       total 86016K, used 3759K [0x0000000082400000, 0x0000000087800000, 0x00000000d6180000)
  object space 86016K, 4% used [0x0000000082400000,0x00000000827abea8,0x0000000087800000)
 Metaspace       used 19603K, capacity 21240K, committed 21296K, reserved 1067008K
  class space    used 2618K, capacity 2928K, committed 2944K, reserved 1048576K
Event: 2.587 GC heap after
Heap after GC invocations=5 (full 0):
 PSYoungGen      total 37888K, used 5119K [0x00000000d6180000, 0x00000000d8b80000, 0x0000000100000000)
  eden space 32768K, 0% used [0x00000000d6180000,0x00000000d6180000,0x00000000d8180000)
  from space 5120K, 99% used [0x00000000d8180000,0x00000000d867fc90,0x00000000d8680000)
  to   space 5120K, 0% used [0x00000000d8680000,0x00000000d8680000,0x00000000d8b80000)
 ParOldGen       total 86016K, used 4299K [0x0000000082400000, 0x0000000087800000, 0x00000000d6180000)
  object space 86016K, 4% used [0x0000000082400000,0x0000000082832e60,0x0000000087800000)
 Metaspace       used 19603K, capacity 21240K, committed 21296K, reserved 1067008K
  class space    used 2618K, capacity 2928K, committed 2944K, reserved 1048576K
}
Event: 2.587 GC heap before
{Heap before GC invocations=6 (full 1):
 PSYoungGen      total 37888K, used 5119K [0x00000000d6180000, 0x00000000d8b80000, 0x0000000100000000)
  eden space 32768K, 0% used [0x00000000d6180000,0x00000000d6180000,0x00000000d8180000)
  from space 5120K, 99% used [0x00000000d8180000,0x00000000d867fc90,0x00000000d8680000)
  to   space 5120K, 0% used [0x00000000d8680000,0x00000000d8680000,0x00000000d8b80000)
 ParOldGen       total 86016K, used 4299K [0x0000000082400000, 0x0000000087800000, 0x00000000d6180000)
  object space 86016K, 4% used [0x0000000082400000,0x0000000082832e60,0x0000000087800000)
 Metaspace       used 19603K, capacity 21240K, committed 21296K, reserved 1067008K
  class space    used 2618K, capacity 2928K, committed 2944K, reserved 1048576K
Event: 2.607 GC heap after
Heap after GC invocations=6 (full 1):
 PSYoungGen      total 37888K, used 0K [0x00000000d6180000, 0x00000000d8b80000, 0x0000000100000000)
  eden space 32768K, 0% used [0x00000000d6180000,0x00000000d6180000,0x00000000d8180000)
  from space 5120K, 0% used [0x00000000d8180000,0x00000000d8180000,0x00000000d8680000)
  to   space 5120K, 0% used [0x00000000d8680000,0x00000000d8680000,0x00000000d8b80000)
 ParOldGen       total 48640K, used 5508K [0x0000000082400000, 0x0000000085380000, 0x00000000d6180000)
  object space 48640K, 11% used [0x0000000082400000,0x0000000082961250,0x0000000085380000)
 Metaspace       used 19603K, capacity 21240K, committed 21296K, reserved 1067008K
  class space    used 2618K, capacity 2928K, committed 2944K, reserved 1048576K
}
Event: 2.754 GC heap before
{Heap before GC invocations=7 (full 1):
 PSYoungGen      total 37888K, used 32768K [0x00000000d6180000, 0x00000000d8b80000, 0x0000000100000000)
  eden space 32768K, 100% used [0x00000000d6180000,0x00000000d8180000,0x00000000d8180000)
  from space 5120K, 0% used [0x00000000d8180000,0x00000000d8180000,0x00000000d8680000)
  to   space 5120K, 0% used [0x00000000d8680000,0x00000000d8680000,0x00000000d8b80000)
 ParOldGen       total 48640K, used 5508K [0x0000000082400000, 0x0000000085380000, 0x00000000d6180000)
  object space 48640K, 11% used [0x0000000082400000,0x0000000082961250,0x0000000085380000)
 Metaspace       used 21499K, capacity 23188K, committed 23296K, reserved 1069056K
  class space    used 2968K, capacity 3308K, committed 3328K, reserved 1048576K
Event: 2.756 GC heap after
Heap after GC invocations=7 (full 1):
 PSYoungGen      total 34816K, used 2689K [0x00000000d6180000, 0x00000000daa00000, 0x0000000100000000)
  eden space 29696K, 0% used [0x00000000d6180000,0x00000000d6180000,0x00000000d7e80000)
  from space 5120K, 52% used [0x00000000d8680000,0x00000000d89205e8,0x00000000d8b80000)
  to   space 8192K, 0% used [0x00000000d7e80000,0x00000000d7e80000,0x00000000d8680000)
 ParOldGen       total 48640K, used 5516K [0x0000000082400000, 0x0000000085380000, 0x00000000d6180000)
  object space 48640K, 11% used [0x0000000082400000,0x0000000082963250,0x0000000085380000)
 Metaspace       used 21499K, capacity 23188K, committed 23296K, reserved 1069056K
  class space    used 2968K, capacity 3308K, committed 3328K, reserved 1048576K
}

Deoptimization events (10 events):
Event: 1.481 Thread 0x000000000254e800 Uncommon trap: reason=class_check action=maybe_recompile pc=0x00000000029a7560 method=java.lang.String.equals(Ljava/lang/Object;)Z @ 8
Event: 1.486 Thread 0x000000000254e800 Uncommon trap: reason=class_check action=maybe_recompile pc=0x00000000029a7560 method=java.lang.String.equals(Ljava/lang/Object;)Z @ 8
Event: 1.701 Thread 0x000000000254e800 Uncommon trap: reason=unstable_if action=reinterpret pc=0x0000000002b16c88 method=java.io.WinNTFileSystem.normalize(Ljava/lang/String;)Ljava/lang/String; @ 128
Event: 1.737 Thread 0x000000000254e800 Uncommon trap: reason=predicate action=maybe_recompile pc=0x0000000002c2e468 method=java.lang.String.regionMatches(ZILjava/lang/String;II)Z @ 63
Event: 1.836 Thread 0x000000000254e800 Uncommon trap: reason=unstable_if action=reinterpret pc=0x0000000002c088f4 method=java.util.Properties$LineReader.readLine()I @ 105
Event: 1.888 Thread 0x000000000254e800 Uncommon trap: reason=range_check action=make_not_entrant pc=0x0000000002af3420 method=sun.reflect.generics.parser.SignatureParser.current()C @ 34
Event: 2.155 Thread 0x000000000254e800 Uncommon trap: reason=unstable_if action=reinterpret pc=0x0000000002c58b70 method=java.util.HashMap.putVal(ILjava/lang/Object;Ljava/lang/Object;ZZ)Ljava/lang/Object; @ 236
Event: 2.458 Thread 0x000000000254e800 Uncommon trap: reason=unstable_if action=reinterpret pc=0x0000000002cbc168 method=java.net.URL.<init>(Ljava/net/URL;Ljava/lang/String;Ljava/net/URLStreamHandler;)V @ 347
Event: 2.524 Thread 0x000000000254e800 Uncommon trap: reason=unstable_if action=reinterpret pc=0x0000000002af38a0 method=java.util.HashMap.hash(Ljava/lang/Object;)I @ 1
Event: 2.804 Thread 0x000000000254e800 Uncommon trap: reason=bimorphic action=maybe_recompile pc=0x0000000002e53d00 method=java.util.HashMap.putVal(ILjava/lang/Object;Ljava/lang/Object;ZZ)Ljava/lang/Object; @ 203

Classes redefined (0 events):
No events

Internal exceptions (10 events):
Event: 2.671 Thread 0x000000000254e800 Exception <a 'java/lang/ClassNotFoundException': org/springframework/core/PriorityOrderedCustomizer> (0x00000000d6e22e30) thrown at [C:\re\workspace\8-2-build-windows-amd64-cygwin\jdk8u231\13620\hotspot\src\share\vm\classfile\systemDictionary.cpp, line 21
Event: 2.672 Thread 0x000000000254e800 Exception <a 'java/lang/ClassNotFoundException': org/springframework/core/OrderedCustomizer> (0x00000000d6e3e218) thrown at [C:\re\workspace\8-2-build-windows-amd64-cygwin\jdk8u231\13620\hotspot\src\share\vm\classfile\systemDictionary.cpp, line 210]
Event: 2.672 Thread 0x000000000254e800 Exception <a 'java/lang/ClassNotFoundException': org/springframework/context/ResourceLoaderAwareCustomizer> (0x00000000d6e60890) thrown at [C:\re\workspace\8-2-build-windows-amd64-cygwin\jdk8u231\13620\hotspot\src\share\vm\classfile\systemDictionary.cpp, 
Event: 2.673 Thread 0x000000000254e800 Exception <a 'java/lang/ClassNotFoundException': org/springframework/beans/factory/AwareCustomizer> (0x00000000d6e801c0) thrown at [C:\re\workspace\8-2-build-windows-amd64-cygwin\jdk8u231\13620\hotspot\src\share\vm\classfile\systemDictionary.cpp, line 210
Event: 2.673 Thread 0x000000000254e800 Exception <a 'java/lang/ClassNotFoundException': org/springframework/context/ApplicationStartupAwareCustomizer> (0x00000000d6f00c50) thrown at [C:\re\workspace\8-2-build-windows-amd64-cygwin\jdk8u231\13620\hotspot\src\share\vm\classfile\systemDictionary.c
Event: 2.674 Thread 0x000000000254e800 Exception <a 'java/lang/ClassNotFoundException': org/springframework/beans/factory/AwareCustomizer> (0x00000000d6f20a08) thrown at [C:\re\workspace\8-2-build-windows-amd64-cygwin\jdk8u231\13620\hotspot\src\share\vm\classfile\systemDictionary.cpp, line 210
Event: 2.675 Thread 0x000000000254e800 Exception <a 'java/lang/ClassNotFoundException': org/springframework/beans/factory/BeanClassLoaderAwareCustomizer> (0x00000000d6f45678) thrown at [C:\re\workspace\8-2-build-windows-amd64-cygwin\jdk8u231\13620\hotspot\src\share\vm\classfile\systemDictionar
Event: 2.676 Thread 0x000000000254e800 Exception <a 'java/lang/ClassNotFoundException': org/springframework/beans/factory/AwareCustomizer> (0x00000000d6f64fc0) thrown at [C:\re\workspace\8-2-build-windows-amd64-cygwin\jdk8u231\13620\hotspot\src\share\vm\classfile\systemDictionary.cpp, line 210
Event: 2.676 Thread 0x000000000254e800 Exception <a 'java/lang/ClassNotFoundException': org/springframework/context/EnvironmentAwareCustomizer> (0x00000000d6f85798) thrown at [C:\re\workspace\8-2-build-windows-amd64-cygwin\jdk8u231\13620\hotspot\src\share\vm\classfile\systemDictionary.cpp, lin
Event: 2.677 Thread 0x000000000254e800 Exception <a 'java/lang/ClassNotFoundException': org/springframework/beans/factory/AwareCustomizer> (0x00000000d6fd3840) thrown at [C:\re\workspace\8-2-build-windows-amd64-cygwin\jdk8u231\13620\hotspot\src\share\vm\classfile\systemDictionary.cpp, line 210

Events (10 events):
Event: 2.852 loading class org/hibernate/validator/internal/util/privilegedactions/GetDeclaredMethods
Event: 2.852 loading class org/hibernate/validator/internal/util/privilegedactions/GetDeclaredMethods done
Event: 2.853 loading class org/hibernate/validator/internal/properties/javabean/JavaBeanHelper$JavaBeanConstrainableExecutable
Event: 2.853 loading class org/hibernate/validator/internal/properties/javabean/JavaBeanHelper$JavaBeanConstrainableExecutable done
Event: 2.853 loading class org/springframework/boot/autoconfigure/condition/OnClassCondition$OutcomesResolver
Event: 2.853 loading class org/springframework/boot/autoconfigure/condition/OnClassCondition$OutcomesResolver done
Event: 2.853 loading class org/springframework/boot/autoconfigure/condition/OnWebApplicationCondition
Event: 2.853 loading class org/springframework/boot/autoconfigure/condition/OnWebApplicationCondition done
Event: 2.854 loading class org/hibernate/validator/internal/metadata/raw/ConstrainedElement$ConstrainedElementKind
Event: 2.854 loading class org/hibernate/validator/internal/metadata/raw/ConstrainedElement$ConstrainedElementKind done


Dynamic libraries:
0x00007ff67c520000 - 0x00007ff67c557000 	C:\Program Files\Java\jdk1.8.0_231\jre\bin\java.exe
0x00007ff88e8d0000 - 0x00007ff88eac7000 	C:\WINDOWS\SYSTEM32\ntdll.dll
0x00007ff88ce50000 - 0x00007ff88cf0d000 	C:\WINDOWS\System32\KERNEL32.DLL
0x00007ff88c4d0000 - 0x00007ff88c7c6000 	C:\WINDOWS\System32\KERNELBASE.dll
0x00007ff88c930000 - 0x00007ff88c9de000 	C:\WINDOWS\System32\ADVAPI32.dll
0x00007ff88c9e0000 - 0x00007ff88ca7e000 	C:\WINDOWS\System32\msvcrt.dll
0x00007ff88cd50000 - 0x00007ff88cdec000 	C:\WINDOWS\System32\sechost.dll
0x00007ff88d600000 - 0x00007ff88d726000 	C:\WINDOWS\System32\RPCRT4.dll
0x00007ff88e520000 - 0x00007ff88e6be000 	C:\WINDOWS\System32\USER32.dll
0x00007ff88c840000 - 0x00007ff88c862000 	C:\WINDOWS\System32\win32u.dll
0x00007ff88dd20000 - 0x00007ff88dd4c000 	C:\WINDOWS\System32\GDI32.dll
0x00007ff88bfb0000 - 0x00007ff88c0ca000 	C:\WINDOWS\System32\gdi32full.dll
0x00007ff88c230000 - 0x00007ff88c2cd000 	C:\WINDOWS\System32\msvcp_win.dll
0x00007ff88c380000 - 0x00007ff88c480000 	C:\WINDOWS\System32\ucrtbase.dll
0x00007ff876360000 - 0x00007ff8765fa000 	C:\WINDOWS\WinSxS\amd64_microsoft.windows.common-controls_6595b64144ccf1df_6.0.19041.3570_none_60bb2a3971f3e41a\COMCTL32.dll
0x00007ff88dc90000 - 0x00007ff88dcc0000 	C:\WINDOWS\System32\IMM32.DLL
0x0000000077c60000 - 0x0000000077d32000 	C:\Program Files\Java\jdk1.8.0_231\jre\bin\msvcr100.dll
0x0000000077050000 - 0x00000000778f6000 	C:\Program Files\Java\jdk1.8.0_231\jre\bin\server\jvm.dll
0x00007ff88d730000 - 0x00007ff88d738000 	C:\WINDOWS\System32\PSAPI.DLL
0x00007ff885790000 - 0x00007ff88579a000 	C:\WINDOWS\SYSTEM32\VERSION.dll
0x00007ff876270000 - 0x00007ff876297000 	C:\WINDOWS\SYSTEM32\WINMM.dll
0x00007fffe90a0000 - 0x00007fffe90a9000 	C:\WINDOWS\SYSTEM32\WSOCK32.dll
0x00007ff88d590000 - 0x00007ff88d5fb000 	C:\WINDOWS\System32\WS2_32.dll
0x00007ff888f70000 - 0x00007ff888f7f000 	C:\Program Files\Java\jdk1.8.0_231\jre\bin\verify.dll
0x00007ff87a160000 - 0x00007ff87a189000 	C:\Program Files\Java\jdk1.8.0_231\jre\bin\java.dll
0x00007ff888f50000 - 0x00007ff888f66000 	C:\Program Files\Java\jdk1.8.0_231\jre\bin\zip.dll
0x00007ff88dd50000 - 0x00007ff88e494000 	C:\WINDOWS\System32\SHELL32.dll
0x00007ff889d20000 - 0x00007ff88a4bb000 	C:\WINDOWS\SYSTEM32\windows.storage.dll
0x00007ff88d930000 - 0x00007ff88dc84000 	C:\WINDOWS\System32\combase.dll
0x00007ff88b8a0000 - 0x00007ff88b8cd000 	C:\WINDOWS\SYSTEM32\Wldp.dll
0x00007ff88e6c0000 - 0x00007ff88e76d000 	C:\WINDOWS\System32\SHCORE.dll
0x00007ff88e4c0000 - 0x00007ff88e515000 	C:\WINDOWS\System32\shlwapi.dll
0x00007ff88bee0000 - 0x00007ff88bf05000 	C:\WINDOWS\SYSTEM32\profapi.dll
0x00007ff888ff0000 - 0x00007ff888ffd000 	C:\Program Files\Java\jdk1.8.0_231\jre\bin\management.dll
0x00007ff889010000 - 0x00007ff88902a000 	C:\Program Files\Java\jdk1.8.0_231\jre\bin\net.dll
0x00007ff88b680000 - 0x00007ff88b6ea000 	C:\WINDOWS\system32\mswsock.dll
0x00007ff887100000 - 0x00007ff887112000 	C:\Program Files\Java\jdk1.8.0_231\jre\bin\nio.dll
0x00007ff869030000 - 0x00007ff869047000 	C:\WINDOWS\system32\napinsp.dll
0x00007ff869010000 - 0x00007ff86902b000 	C:\WINDOWS\system32\pnrpnsp.dll
0x00007ff8863e0000 - 0x00007ff8863f5000 	C:\WINDOWS\system32\wshbth.dll
0x00007ff8848e0000 - 0x00007ff8848fd000 	C:\WINDOWS\system32\NLAapi.dll
0x00007ff88b330000 - 0x00007ff88b36b000 	C:\WINDOWS\SYSTEM32\IPHLPAPI.DLL
0x00007ff88b370000 - 0x00007ff88b43a000 	C:\WINDOWS\SYSTEM32\DNSAPI.dll
0x00007ff88ccb0000 - 0x00007ff88ccb8000 	C:\WINDOWS\System32\NSI.dll
0x00007ff868ff0000 - 0x00007ff869002000 	C:\WINDOWS\System32\winrnr.dll
0x00007ff87bf10000 - 0x00007ff87bf1a000 	C:\Windows\System32\rasadhlp.dll
0x00007ff883630000 - 0x00007ff8836b2000 	C:\WINDOWS\System32\fwpuclnt.dll
0x00007ff88c870000 - 0x00007ff88c897000 	C:\WINDOWS\System32\bcrypt.dll

VM Arguments:
java_command: C:\Users\ASUS\AppData\Local\Temp\surefire3026896053210325594\surefirebooter-20231024043805920_3.jar C:\Users\ASUS\AppData\Local\Temp\surefire3026896053210325594 2023-10-24T04-38-05_457-jvmRun1 surefire-20231024043805920_1tmp surefire_0-20231024043805920_2tmp
java_class_path (initial): C:\Users\ASUS\AppData\Local\Temp\surefire3026896053210325594\surefirebooter-20231024043805920_3.jar
Launcher Type: SUN_STANDARD

Environment Variables:
CLASSPATH=.
PATH=C:/Program Files/Java/jdk1.8.0_231/bin/../jre/bin/server;C:/Program Files/Java/jdk1.8.0_231/bin/../jre/bin;C:/Program Files/Java/jdk1.8.0_231/bin/../jre/lib/amd64;C:\Program Files\PostgreSQL\11\bin;C:\TDM-GCC-64\bin;C:\Program Files\Java\jdk1.8.0_231\bin;C:\Program Files (x86)\NVIDIA Corporation\PhysX\Common;C:\Python27;C:\Program Files (x86)\Common Files\Oracle\Java\javapath;C:\WINDOWS\system32;C:\WINDOWS;C:\WINDOWS\System32\Wbem;C:\WINDOWS\System32\WindowsPowerShell\v1.0\;C:\WINDOWS\System32\OpenSSH\;C:\Program Files\Git\cmd;C:\Gradle\gradle-7.5.1-bin\gradle-7.5.1\bin;C:\Program Files\nodejs;C:\Program Files\ibm\gsk8\lib64;C:\Program Files (x86)\ibm\gsk8\lib;C:\Program Files (x86)\Bitvise SSH Client;C:\Users\ASUS\Downloads\dartsdk-windows-x64-release\dart-sdk\bin;C:\Users\ASUS\Downloads\flutter_windows_1.22.5-stable\flutter\bin;C:\Users\ASUS\Downloads\tree-1.5.2.2-bin\bin;C:\Program Files\nodejs\;C:\Program Files\EmEditor;C:\Users\ASUS\AppData\Local\Programs\Python\Python37;C:\Users\ASUS\AppData\Local\Programs\Python\Python37\Scripts;C:\Program Files (x86)\Google\Chrome\Application;C:\Program Files\PuTTY\;;C:\Program Files\Docker\Docker\resources\bin;C:\Users\ASUS\AppData\Local\Programs\Python\Python38-32\Scripts;C:\Users\ASUS\Downloads\apache-maven-3.6.3-bin\apache-maven-3.6.3\bin;C:\Program Files\curl-7.70.0-win64-mingw\bin;C:\Users\ASUS\AppData\Local\Programs\Python\Python38-32;C:\Program Files\MySQL\MySQL Server 8.0\bin;C:\Users\ASUS\AppData\Local\Microsoft\WindowsApps;C:\Users\ASUS\AppData\Local\Programs\Microsoft VS Code\bin;C:\Users\ASUS\Downloads\dartsdk-windows-x64-release\dart-sdk\bin;C:\Users\ASUS\AppData\Roaming\npm;;C:\Users\ASUS\Downloads\spring-tool-suite-3.9.10.RELEASE-e4.13.0-win32-x86_64\sts-bundle\sts-3.9.10.RELEASE;
USERNAME=ASUS
OS=Windows_NT
PROCESSOR_IDENTIFIER=Intel64 Family 6 Model 158 Stepping 10, GenuineIntel



---------------  S Y S T E M  ---------------

OS: Windows 10.0 , 64 bit Build 19041 (10.0.19041.3570)

CPU:total 12 (initial active 12) (6 cores per cpu, 2 threads per core) family 6 model 158 stepping 10, cmov, cx8, fxsr, mmx, sse, sse2, sse3, ssse3, sse4.1, sse4.2, popcnt, avx, avx2, aes, clmul, erms, 3dnowpref, lzcnt, ht, tsc, tscinvbit, bmi1, bmi2, adx

Memory: 4k page, physical 8236352k(161316k free), swap 33402176k(2228k free)

vm_info: Java HotSpot(TM) 64-Bit Server VM (25.231-b11) for windows-amd64 JRE (1.8.0_231-b11), built on Oct  5 2019 03:11:30 by "java_re" with MS VC++ 10.0 (VS2010)

time: Tue Oct 24 04:38:09 2023
timezone: Paris, Madrid (heure d’été)
elapsed time: 2 seconds (0d 0h 0m 2s)

